Kontakta/app/build/intermediates/manifest_merge_blame_file/debug/manifest-merger-blame-debug-report.txt
1<?xml version="1.0" encoding="utf-8"?>
2<manifest xmlns:android="http://schemas.android.com/apk/res/android"
3    package="com.example.kontakta"
4    android:versionCode="1"
5    android:versionName="1.0" >
6
7    <uses-sdk
8        android:minSdkVersion="16"
8-->src\main\AndroidManifest.xml
9        android:targetSdkVersion="30" />
9-->src\main\AndroidManifest.xml
10
11    <uses-permission android:name="android.permission.ACCESS_NETWORK_STATE" />
11-->src\main\AndroidManifest.xml:5:5-79
11-->src\main\AndroidManifest.xml:5:22-76
12    <uses-permission android:name="android.permission.INTERNET" />
12-->src\main\AndroidManifest.xml:6:5-67
12-->src\main\AndroidManifest.xml:6:22-64
13    <uses-permission android:name="android.permission.READ_EXTERNAL_STORAGE" />
13-->src\main\AndroidManifest.xml:7:5-80
13-->src\main\AndroidManifest.xml:7:22-77
14
15    <application
15-->src\main\AndroidManifest.xml:9:5-157:19
16        android:name="androidx.multidex.MultiDexApplication"
17        android:allowBackup="true"
17-->src\main\AndroidManifest.xml:10:9-35
18        android:appComponentFactory="androidx.core.app.CoreComponentFactory"
18-->[androidx.core:core:1.3.2] AndroidManifest.xml:24:18-86
19        android:debuggable="true"
20        android:icon="@mipmap/ic_launcher"
20-->src\main\AndroidManifest.xml:11:9-43
21        android:label="@string/app_name"
21-->src\main\AndroidManifest.xml:12:9-41
22        android:roundIcon="@mipmap/ic_launcher_round"
22-->src\main\AndroidManifest.xml:13:9-54
23        android:supportsRtl="true"
23-->src\main\AndroidManifest.xml:14:9-35
24        android:testOnly="true"
25        android:theme="@style/AppTheme"
25-->src\main\AndroidManifest.xml:15:9-40
26        android:usesCleartextTraffic="true" >
26-->src\main\AndroidManifest.xml:16:9-44
27        <activity android:name="com.example.kontakta.perfilUsuario" />
27-->src\main\AndroidManifest.xml:17:9-60
27-->src\main\AndroidManifest.xml:17:19-48
28        <activity android:name="com.example.kontakta.perfilPrestador" />
28-->src\main\AndroidManifest.xml:18:9-53
28-->src\main\AndroidManifest.xml:18:19-50
29        <activity android:name="com.example.kontakta.cambiar_contra" />
29-->src\main\AndroidManifest.xml:19:9-52
29-->src\main\AndroidManifest.xml:19:19-49
30        <activity
30-->src\main\AndroidManifest.xml:20:9-29:20
31            android:name="com.example.kontakta.MainActivity"
31-->src\main\AndroidManifest.xml:21:13-41
32            android:label="@string/app_name"
32-->src\main\AndroidManifest.xml:22:13-45
33            android:theme="@style/AppTheme.NoActionBar" >
33-->src\main\AndroidManifest.xml:23:13-56
34            <intent-filter>
34-->src\main\AndroidManifest.xml:24:13-28:29
35                <action android:name="android.intent.action.MAIN" />
35-->src\main\AndroidManifest.xml:25:17-69
35-->src\main\AndroidManifest.xml:25:25-66
36
37                <category android:name="android.intent.category.LAUNCHER" />
37-->src\main\AndroidManifest.xml:27:17-77
37-->src\main\AndroidManifest.xml:27:27-74
38            </intent-filter>
39        </activity>
40        <activity
40-->src\main\AndroidManifest.xml:30:9-38:20
41            android:name="com.example.kontakta.RegistroUsuario"
41-->src\main\AndroidManifest.xml:31:13-44
42            android:theme="@style/AppTheme.NoActionBar" >
42-->src\main\AndroidManifest.xml:32:13-56
43
44            <!-- Default Intent Filter -->
45            <intent-filter>
45-->src\main\AndroidManifest.xml:35:13-37:29
46                <action android:name="android.intent.action.DEFAULT" />
46-->src\main\AndroidManifest.xml:36:17-72
46-->src\main\AndroidManifest.xml:36:25-69
47            </intent-filter>
48        </activity>
49        <activity
49-->src\main\AndroidManifest.xml:39:9-46:20
50            android:name="com.example.kontakta.RegistroPrestador"
50-->src\main\AndroidManifest.xml:39:19-52
51            android:theme="@style/AppTheme.NoActionBar" >
51-->src\main\AndroidManifest.xml:40:13-56
52
53            <!-- Default Intent Filter -->
54            <intent-filter>
54-->src\main\AndroidManifest.xml:35:13-37:29
55                <action android:name="android.intent.action.DEFAULT" />
55-->src\main\AndroidManifest.xml:36:17-72
55-->src\main\AndroidManifest.xml:36:25-69
56            </intent-filter>
57        </activity>
58        <activity
58-->src\main\AndroidManifest.xml:47:9-54:20
59            android:name="com.example.kontakta.MenuPrincipal"
59-->src\main\AndroidManifest.xml:47:19-48
60            android:theme="@style/AppTheme.NoActionBar" >
60-->src\main\AndroidManifest.xml:48:13-56
61
62            <!-- Default Intent Filter -->
63            <intent-filter>
63-->src\main\AndroidManifest.xml:35:13-37:29
64                <action android:name="android.intent.action.DEFAULT" />
64-->src\main\AndroidManifest.xml:36:17-72
64-->src\main\AndroidManifest.xml:36:25-69
65            </intent-filter>
66        </activity>
67        <activity android:name="com.example.kontakta.Pruebas" >
67-->src\main\AndroidManifest.xml:55:9-61:20
67-->src\main\AndroidManifest.xml:55:19-42
68
69            <!-- Default Intent Filter -->
70            <intent-filter>
70-->src\main\AndroidManifest.xml:35:13-37:29
71                <action android:name="android.intent.action.DEFAULT" />
71-->src\main\AndroidManifest.xml:36:17-72
71-->src\main\AndroidManifest.xml:36:25-69
72            </intent-filter>
73        </activity>
74        <activity android:name="com.example.kontakta.Pruebas2" >
74-->src\main\AndroidManifest.xml:62:9-68:20
74-->src\main\AndroidManifest.xml:62:19-43
75
76            <!-- Default Intent Filter -->
77            <intent-filter>
77-->src\main\AndroidManifest.xml:35:13-37:29
78                <action android:name="android.intent.action.DEFAULT" />
78-->src\main\AndroidManifest.xml:36:17-72
78-->src\main\AndroidManifest.xml:36:25-69
79            </intent-filter>
80        </activity>
81        <activity
81-->src\main\AndroidManifest.xml:69:9-76:20
82            android:name="com.example.kontakta.perfilServ"
82-->src\main\AndroidManifest.xml:69:19-45
83            android:theme="@style/AppTheme.NoActionBar" >
83-->src\main\AndroidManifest.xml:70:13-56
84
85            <!-- Default Intent Filter -->
86            <intent-filter>
86-->src\main\AndroidManifest.xml:35:13-37:29
87                <action android:name="android.intent.action.DEFAULT" />
87-->src\main\AndroidManifest.xml:36:17-72
87-->src\main\AndroidManifest.xml:36:25-69
88            </intent-filter>
89        </activity>
90        <activity android:name="com.example.kontakta.vistaGenero" >
90-->src\main\AndroidManifest.xml:77:9-83:20
90-->src\main\AndroidManifest.xml:77:19-46
91
92            <!-- Default Intent Filter -->
93            <intent-filter>
93-->src\main\AndroidManifest.xml:35:13-37:29
94                <action android:name="android.intent.action.DEFAULT" />
94-->src\main\AndroidManifest.xml:36:17-72
94-->src\main\AndroidManifest.xml:36:25-69
95            </intent-filter>
96        </activity>
97        <activity
97-->src\main\AndroidManifest.xml:84:9-91:20
98            android:name="com.example.kontakta.Confirmacion"
98-->src\main\AndroidManifest.xml:84:19-47
99            android:theme="@style/AppTheme.NoActionBar" >
99-->src\main\AndroidManifest.xml:85:13-56
100
101            <!-- Default Intent Filter -->
102            <intent-filter>
102-->src\main\AndroidManifest.xml:35:13-37:29
103                <action android:name="android.intent.action.DEFAULT" />
103-->src\main\AndroidManifest.xml:36:17-72
103-->src\main\AndroidManifest.xml:36:25-69
104            </intent-filter>
105        </activity>
106        <activity
106-->src\main\AndroidManifest.xml:92:9-99:20
107            android:name="com.example.kontakta.Confirmacion2"
107-->src\main\AndroidManifest.xml:92:19-48
108            android:theme="@style/AppTheme.NoActionBar" >
108-->src\main\AndroidManifest.xml:93:13-56
109
110            <!-- Default Intent Filter -->
111            <intent-filter>
111-->src\main\AndroidManifest.xml:35:13-37:29
112                <action android:name="android.intent.action.DEFAULT" />
112-->src\main\AndroidManifest.xml:36:17-72
112-->src\main\AndroidManifest.xml:36:25-69
113            </intent-filter>
114        </activity>
115        <activity
115-->src\main\AndroidManifest.xml:100:9-107:20
116            android:name="com.example.kontakta.componerReview"
116-->src\main\AndroidManifest.xml:100:19-49
117            android:theme="@style/AppTheme.NoActionBar" >
117-->src\main\AndroidManifest.xml:101:13-56
118
119            <!-- Default Intent Filter -->
120            <intent-filter>
120-->src\main\AndroidManifest.xml:35:13-37:29
121                <action android:name="android.intent.action.DEFAULT" />
121-->src\main\AndroidManifest.xml:36:17-72
121-->src\main\AndroidManifest.xml:36:25-69
122            </intent-filter>
123        </activity>
124        <activity
124-->src\main\AndroidManifest.xml:108:9-115:20
125            android:name="com.example.kontakta.vistaReview"
125-->src\main\AndroidManifest.xml:108:19-46
126            android:theme="@style/AppTheme.NoActionBar" >
126-->src\main\AndroidManifest.xml:109:13-56
127
128            <!-- Default Intent Filter -->
129            <intent-filter>
129-->src\main\AndroidManifest.xml:35:13-37:29
130                <action android:name="android.intent.action.DEFAULT" />
130-->src\main\AndroidManifest.xml:36:17-72
130-->src\main\AndroidManifest.xml:36:25-69
131            </intent-filter>
132        </activity>
133        <activity
133-->src\main\AndroidManifest.xml:116:9-123:20
134            android:name="com.example.kontakta.listaReview"
134-->src\main\AndroidManifest.xml:116:19-46
135            android:theme="@style/AppTheme.NoActionBar" >
135-->src\main\AndroidManifest.xml:117:13-56
136
137            <!-- Default Intent Filter -->
138            <intent-filter>
138-->src\main\AndroidManifest.xml:35:13-37:29
139                <action android:name="android.intent.action.DEFAULT" />
139-->src\main\AndroidManifest.xml:36:17-72
139-->src\main\AndroidManifest.xml:36:25-69
140            </intent-filter>
141        </activity>
142        <activity
142-->src\main\AndroidManifest.xml:124:9-131:20
143            android:name="com.example.kontakta.MenuConfiguracion"
143-->src\main\AndroidManifest.xml:124:19-52
144            android:theme="@style/AppTheme.NoActionBar" >
144-->src\main\AndroidManifest.xml:125:13-56
145
146            <!-- Default Intent Filter -->
147            <intent-filter>
147-->src\main\AndroidManifest.xml:35:13-37:29
148                <action android:name="android.intent.action.DEFAULT" />
148-->src\main\AndroidManifest.xml:36:17-72
148-->src\main\AndroidManifest.xml:36:25-69
149            </intent-filter>
150        </activity>
151        <activity
151-->src\main\AndroidManifest.xml:132:9-139:20
152            android:name="com.example.kontakta.CambioDatosUsuario"
152-->src\main\AndroidManifest.xml:132:19-53
153            android:theme="@style/AppTheme.NoActionBar" >
153-->src\main\AndroidManifest.xml:133:13-56
154
155            <!-- Default Intent Filter -->
156            <intent-filter>
156-->src\main\AndroidManifest.xml:35:13-37:29
157                <action android:name="android.intent.action.DEFAULT" />
157-->src\main\AndroidManifest.xml:36:17-72
157-->src\main\AndroidManifest.xml:36:25-69
158            </intent-filter>
159        </activity>
160        <activity
160-->src\main\AndroidManifest.xml:140:9-147:20
161            android:name="com.example.kontakta.CambioDatosPrestador"
161-->src\main\AndroidManifest.xml:140:19-55
162            android:theme="@style/AppTheme.NoActionBar" >
162-->src\main\AndroidManifest.xml:141:13-56
163
164            <!-- Default Intent Filter -->
165            <intent-filter>
165-->src\main\AndroidManifest.xml:35:13-37:29
166                <action android:name="android.intent.action.DEFAULT" />
166-->src\main\AndroidManifest.xml:36:17-72
166-->src\main\AndroidManifest.xml:36:25-69
167            </intent-filter>
168        </activity>
169        <activity
169-->src\main\AndroidManifest.xml:148:9-155:20
170            android:name="com.example.kontakta.MBusquedaRecomendada"
170-->src\main\AndroidManifest.xml:148:19-55
171            android:theme="@style/AppTheme.NoActionBar" >
171-->src\main\AndroidManifest.xml:149:13-56
172
173            <!-- Default Intent Filter -->
174            <intent-filter>
174-->src\main\AndroidManifest.xml:35:13-37:29
175                <action android:name="android.intent.action.DEFAULT" />
175-->src\main\AndroidManifest.xml:36:17-72
175-->src\main\AndroidManifest.xml:36:25-69
176            </intent-filter>
177        </activity>
178    </application>
179
180</manifest>